  [1m[35m (0.1ms)[0m  [1m[34mSELECT sqlite_version(*)[0m
  [1m[35m (200.0ms)[0m  [1m[35mCREATE TABLE "schema_migrations" ("version" varchar NOT NULL PRIMARY KEY)[0m
  [1m[35m (163.0ms)[0m  [1m[35mCREATE TABLE "ar_internal_metadata" ("key" varchar NOT NULL PRIMARY KEY, "value" varchar, "created_at" datetime NOT NULL, "updated_at" datetime NOT NULL)[0m
  [1m[35m (0.2ms)[0m  [1m[34mSELECT "schema_migrations"."version" FROM "schema_migrations" ORDER BY "schema_migrations"."version" ASC[0m
Migrating to CreateUsers (20190916233841)
  [1m[35m (0.1ms)[0m  [1m[36mbegin transaction[0m
  [1m[35m (0.7ms)[0m  [1m[35mCREATE TABLE "users" ("id" INTEGER PRIMARY KEY AUTOINCREMENT NOT NULL, "name" varchar, "email" varchar, "created_at" datetime NOT NULL, "updated_at" datetime NOT NULL)[0m
  [1m[35mSQL (0.4ms)[0m  [1m[32mINSERT INTO "schema_migrations" ("version") VALUES (?)[0m  [["version", "20190916233841"]]
  [1m[35m (112.5ms)[0m  [1m[36mcommit transaction[0m
  [1m[36mActiveRecord::InternalMetadata Load (0.3ms)[0m  [1m[34mSELECT  "ar_internal_metadata".* FROM "ar_internal_metadata" WHERE "ar_internal_metadata"."key" = ? LIMIT ?[0m  [["key", "environment"], ["LIMIT", 1]]
  [1m[35m (0.1ms)[0m  [1m[36mbegin transaction[0m
  [1m[35mSQL (0.3ms)[0m  [1m[32mINSERT INTO "ar_internal_metadata" ("key", "value", "created_at", "updated_at") VALUES (?, ?, ?, ?)[0m  [["key", "environment"], ["value", "development"], ["created_at", "2019-09-16 23:39:10.367333"], ["updated_at", "2019-09-16 23:39:10.367333"]]
  [1m[35m (87.8ms)[0m  [1m[36mcommit transaction[0m
  [1m[35m (11.3ms)[0m  [1m[34mSELECT "schema_migrations"."version" FROM "schema_migrations" ORDER BY "schema_migrations"."version" ASC[0m
  [1m[35m (0.3ms)[0m  [1m[34mSELECT "schema_migrations"."version" FROM "schema_migrations" ORDER BY "schema_migrations"."version" ASC[0m
  [1m[35m (0.1ms)[0m  [1m[34mSELECT "schema_migrations"."version" FROM "schema_migrations" ORDER BY "schema_migrations"."version" ASC[0m
Migrating to CreateUsers (20190916233841)
  [1m[35m (0.3ms)[0m  [1m[36mbegin transaction[0m
  [1m[35m (1.2ms)[0m  [1m[35mDROP TABLE "users"[0m
  [1m[35mSQL (0.3ms)[0m  [1m[31mDELETE FROM "schema_migrations" WHERE "schema_migrations"."version" = ?[0m  [["version", "20190916233841"]]
  [1m[35m (258.7ms)[0m  [1m[36mcommit transaction[0m
  [1m[35m (0.2ms)[0m  [1m[34mSELECT "schema_migrations"."version" FROM "schema_migrations" ORDER BY "schema_migrations"."version" ASC[0m
  [1m[35m (0.1ms)[0m  [1m[34mSELECT "schema_migrations"."version" FROM "schema_migrations" ORDER BY "schema_migrations"."version" ASC[0m
Migrating to CreateUsers (20190916233841)
  [1m[35m (0.1ms)[0m  [1m[36mbegin transaction[0m
  [1m[35m (0.1ms)[0m  [1m[34mSELECT sqlite_version(*)[0m
  [1m[35m (0.6ms)[0m  [1m[35mCREATE TABLE "users" ("id" INTEGER PRIMARY KEY AUTOINCREMENT NOT NULL, "name" varchar, "email" varchar, "created_at" datetime NOT NULL, "updated_at" datetime NOT NULL)[0m
  [1m[35mSQL (0.3ms)[0m  [1m[32mINSERT INTO "schema_migrations" ("version") VALUES (?)[0m  [["version", "20190916233841"]]
  [1m[35m (221.6ms)[0m  [1m[36mcommit transaction[0m
  [1m[36mActiveRecord::InternalMetadata Load (0.2ms)[0m  [1m[34mSELECT  "ar_internal_metadata".* FROM "ar_internal_metadata" WHERE "ar_internal_metadata"."key" = ? LIMIT ?[0m  [["key", "environment"], ["LIMIT", 1]]
  [1m[35m (0.1ms)[0m  [1m[36mbegin transaction[0m
  [1m[35m (0.1ms)[0m  [1m[36mcommit transaction[0m
  [1m[35m (0.2ms)[0m  [1m[34mSELECT "schema_migrations"."version" FROM "schema_migrations" ORDER BY "schema_migrations"."version" ASC[0m
Started GET "/" for 127.0.0.1 at 2019-09-16 20:41:18 -0300
  [1m[35m (0.1ms)[0m  [1m[34mSELECT "schema_migrations"."version" FROM "schema_migrations" ORDER BY "schema_migrations"."version" ASC[0m
Processing by ApplicationController#hello as HTML
  Rendering html template
  Rendered html template (0.0ms)
Completed 200 OK in 40ms (Views: 35.8ms | ActiveRecord: 0.0ms)


Started GET "/static_pages/home" for 127.0.0.1 at 2019-09-16 20:41:33 -0300
Processing by StaticPagesController#home as HTML
  Rendering static_pages/home.html.erb within layouts/application
  Rendered static_pages/home.html.erb within layouts/application (48.0ms)
Completed 200 OK in 2691ms (Views: 2690.0ms | ActiveRecord: 0.0ms)


Started GET "/static_pages/help" for 127.0.0.1 at 2019-09-16 20:42:36 -0300
Processing by StaticPagesController#help as HTML
  Rendering static_pages/help.html.erb within layouts/application
  Rendered static_pages/help.html.erb within layouts/application (0.4ms)
Completed 200 OK in 18ms (Views: 17.2ms | ActiveRecord: 0.0ms)


Started GET "/static_pages/help" for 127.0.0.1 at 2019-09-16 20:47:07 -0300
Processing by StaticPagesController#help as HTML
  Rendering static_pages/help.html.erb within layouts/application
  Rendered static_pages/help.html.erb within layouts/application (0.3ms)
Completed 200 OK in 40ms (Views: 39.1ms | ActiveRecord: 0.0ms)


Started GET "/static_pages/home" for 127.0.0.1 at 2019-09-16 20:47:10 -0300
Processing by StaticPagesController#home as HTML
  Rendering static_pages/home.html.erb within layouts/application
  Rendered static_pages/home.html.erb within layouts/application (0.3ms)
Completed 200 OK in 18ms (Views: 16.8ms | ActiveRecord: 0.0ms)


Started GET "/" for 127.0.0.1 at 2019-09-17 13:13:50 -0700
  [1m[35m (0.1ms)[0m  [1m[34mSELECT "schema_migrations"."version" FROM "schema_migrations" ORDER BY "schema_migrations"."version" ASC[0m
Processing by ApplicationController#hello as HTML
  Rendering html template
  Rendered html template (0.0ms)
Completed 200 OK in 6ms (Views: 2.1ms | ActiveRecord: 0.0ms)


Started GET "/static_pages/about" for 127.0.0.1 at 2019-09-17 13:14:01 -0700
Processing by StaticPagesController#about as HTML
  Rendering static_pages/about.html.erb within layouts/application
  Rendered static_pages/about.html.erb within layouts/application (0.7ms)
Completed 200 OK in 157ms (Views: 156.3ms | ActiveRecord: 0.0ms)


Started GET "/static_pages/home" for 127.0.0.1 at 2019-09-17 13:14:21 -0700
Processing by StaticPagesController#home as HTML
  Rendering static_pages/home.html.erb within layouts/application
  Rendered static_pages/home.html.erb within layouts/application (0.5ms)
Completed 200 OK in 27ms (Views: 26.5ms | ActiveRecord: 0.0ms)


Started GET "/static_pages/help" for 127.0.0.1 at 2019-09-17 13:14:24 -0700
Processing by StaticPagesController#help as HTML
  Rendering static_pages/help.html.erb within layouts/application
  Rendered static_pages/help.html.erb within layouts/application (0.2ms)
Completed 200 OK in 29ms (Views: 27.4ms | ActiveRecord: 0.0ms)


